Build started 11.10.2011 16:27:09.
     1>Project "Z:\research\altsplice\routines\casper\src\qasper2c.vcxproj" on node 2 (build target(s)).
     1>InitializeBuildStatus:
         Creating "Debug\qasper2c.unsuccessfulbuild" because "AlwaysCreate" was specified.
       ClCompile:
         All outputs are up-to-date.
         c:\Program Files (x86)\Microsoft Visual Studio 10.0\VC\bin\CL.exe /c /ZI /nologo /W3 /WX- /Od /Oy- /D WIN32 /D _DEBUG /D _CONSOLE /D _UNICODE /D UNICODE /Gm /EHsc /RTC1 /MDd /GS /fp:precise /Zc:wchar_t /Zc:forScope /Yu"StdAfx.h" /Fp"Debug\qasper2c.pch" /Fo"Debug\\" /Fd"Debug\vc100.pdb" /Gd /TP /analyze- /errorReport:prompt casper.cpp discretedf.cpp main.cpp
         casper.cpp
         Generating Code...
         Skipping... (no relevant changes detected)
         main.cpp
         discretedf.cpp
       ManifestResourceCompile:
         All outputs are up-to-date.
       Link:
         c:\Program Files (x86)\Microsoft Visual Studio 10.0\VC\bin\link.exe /ERRORREPORT:PROMPT /OUT:"Z:\research\altsplice\routines\casper\src\Debug\qasper2c.exe" /INCREMENTAL /NOLOGO kernel32.lib user32.lib gdi32.lib winspool.lib comdlg32.lib advapi32.lib shell32.lib ole32.lib oleaut32.lib uuid.lib odbc32.lib odbccp32.lib /MANIFEST /ManifestFile:"Debug\qasper2c.exe.intermediate.manifest" /MANIFESTUAC:"level='asInvoker' uiAccess='false'" /DEBUG /PDB:"Z:\research\altsplice\routines\casper\src\Debug\qasper2c.pdb" /SUBSYSTEM:CONSOLE /TLBID:1 /DYNAMICBASE /NXCOMPAT /IMPLIB:"Z:\research\altsplice\routines\casper\src\Debug\qasper2c.lib" /MACHINE:X86 Debug\qasper2c.exe.embed.manifest.res
         Debug\casper.obj
         Debug\discretedf.obj
         Debug\exon.obj
         Debug\fragment.obj
         Debug\main.obj
         Debug\stdafx.obj
         Debug\variant.obj
       Manifest:
         c:\Program Files (x86)\Microsoft SDKs\Windows\v7.0A\bin\mt.exe /nologo /verbose /out:"Debug\qasper2c.exe.embed.manifest" /manifest Debug\qasper2c.exe.intermediate.manifest
         All outputs are up-to-date.
       LinkEmbedManifest:
         All outputs are up-to-date.
         qasper2c.vcxproj -> Z:\research\altsplice\routines\casper\src\Debug\qasper2c.exe
       FinalizeBuildStatus:
         Deleting file "Debug\qasper2c.unsuccessfulbuild".
         Touching "Debug\qasper2c.lastbuildstate".
     1>Done Building Project "Z:\research\altsplice\routines\casper\src\qasper2c.vcxproj" (build target(s)).

Build succeeded.

Time Elapsed 00:00:07.21
