\\FS-BIOSTATS.IRB.PCB.UB.ES\BIOSTATS\RESEARCH\ALTSPLICE\ROUTINES\CASPER\SRC\DEBUG\CASPER.OBJ
\\FS-BIOSTATS.IRB.PCB.UB.ES\BIOSTATS\RESEARCH\ALTSPLICE\ROUTINES\CASPER\SRC\DEBUG\CSTAT.OBJ
\\FS-BIOSTATS.IRB.PCB.UB.ES\BIOSTATS\RESEARCH\ALTSPLICE\ROUTINES\CASPER\SRC\DEBUG\DISCRETEDF.OBJ
\\FS-BIOSTATS.IRB.PCB.UB.ES\BIOSTATS\RESEARCH\ALTSPLICE\ROUTINES\CASPER\SRC\DEBUG\EXON.OBJ
\\FS-BIOSTATS.IRB.PCB.UB.ES\BIOSTATS\RESEARCH\ALTSPLICE\ROUTINES\CASPER\SRC\DEBUG\FRAGMENT.OBJ
\\FS-BIOSTATS.IRB.PCB.UB.ES\BIOSTATS\RESEARCH\ALTSPLICE\ROUTINES\CASPER\SRC\DEBUG\MAIN.OBJ
\\FS-BIOSTATS.IRB.PCB.UB.ES\BIOSTATS\RESEARCH\ALTSPLICE\ROUTINES\CASPER\SRC\DEBUG\QASPER2C.EXE
\\FS-BIOSTATS.IRB.PCB.UB.ES\BIOSTATS\RESEARCH\ALTSPLICE\ROUTINES\CASPER\SRC\DEBUG\QASPER2C.EXE.EMBED.MANIFEST.RES
\\FS-BIOSTATS.IRB.PCB.UB.ES\BIOSTATS\RESEARCH\ALTSPLICE\ROUTINES\CASPER\SRC\DEBUG\QASPER2C.EXE.INTERMEDIATE.MANIFEST
\\FS-BIOSTATS.IRB.PCB.UB.ES\BIOSTATS\RESEARCH\ALTSPLICE\ROUTINES\CASPER\SRC\DEBUG\QASPER2C.ILK
\\FS-BIOSTATS.IRB.PCB.UB.ES\BIOSTATS\RESEARCH\ALTSPLICE\ROUTINES\CASPER\SRC\DEBUG\QASPER2C.PCH
\\FS-BIOSTATS.IRB.PCB.UB.ES\BIOSTATS\RESEARCH\ALTSPLICE\ROUTINES\CASPER\SRC\DEBUG\QASPER2C.PDB
\\FS-BIOSTATS.IRB.PCB.UB.ES\BIOSTATS\RESEARCH\ALTSPLICE\ROUTINES\CASPER\SRC\DEBUG\STDAFX.OBJ
\\FS-BIOSTATS.IRB.PCB.UB.ES\BIOSTATS\RESEARCH\ALTSPLICE\ROUTINES\CASPER\SRC\DEBUG\VARIANT.OBJ
\\FS-BIOSTATS.IRB.PCB.UB.ES\BIOSTATS\RESEARCH\ALTSPLICE\ROUTINES\CASPER\SRC\DEBUG\VC100.PDB
C:\USERS\MAKRO\DOCUMENTS\QASPER2C\DEBUG\QASPER2C.EXE
C:\USERS\MAKRO\DOCUMENTS\QASPER2C\DEBUG\QASPER2C.ILK
C:\USERS\MAKRO\DOCUMENTS\QASPER2C\DEBUG\QASPER2C.PDB
C:\USERS\MAKRO\DOCUMENTS\QASPER2C\QASPER2C\DEBUG\CASPER.OBJ
C:\USERS\MAKRO\DOCUMENTS\QASPER2C\QASPER2C\DEBUG\CSTAT.OBJ
C:\USERS\MAKRO\DOCUMENTS\QASPER2C\QASPER2C\DEBUG\DISCRETEDF.OBJ
C:\USERS\MAKRO\DOCUMENTS\QASPER2C\QASPER2C\DEBUG\EXON.OBJ
C:\USERS\MAKRO\DOCUMENTS\QASPER2C\QASPER2C\DEBUG\FRAGMENT.OBJ
C:\USERS\MAKRO\DOCUMENTS\QASPER2C\QASPER2C\DEBUG\MAIN.OBJ
C:\USERS\MAKRO\DOCUMENTS\QASPER2C\QASPER2C\DEBUG\QASPER2C.EXE.EMBED.MANIFEST
C:\USERS\MAKRO\DOCUMENTS\QASPER2C\QASPER2C\DEBUG\QASPER2C.EXE.EMBED.MANIFEST.RES
C:\USERS\MAKRO\DOCUMENTS\QASPER2C\QASPER2C\DEBUG\QASPER2C.EXE.INTERMEDIATE.MANIFEST
C:\USERS\MAKRO\DOCUMENTS\QASPER2C\QASPER2C\DEBUG\QASPER2C.OBJ
C:\USERS\MAKRO\DOCUMENTS\QASPER2C\QASPER2C\DEBUG\QASPER2C.PCH
C:\USERS\MAKRO\DOCUMENTS\QASPER2C\QASPER2C\DEBUG\STDAFX.OBJ
C:\USERS\MAKRO\DOCUMENTS\QASPER2C\QASPER2C\DEBUG\VARIANT.OBJ
C:\USERS\MAKRO\DOCUMENTS\QASPER2C\QASPER2C\DEBUG\VC100.PDB
Z:\RESEARCH\ALTSPLICE\ROUTINES\CASPER\SRC\DEBUG\CASPER.OBJ
Z:\research\altsplice\routines\casper\src\Debug\cl.command.1.tlog
Z:\research\altsplice\routines\casper\src\Debug\CL.read.1.tlog
Z:\research\altsplice\routines\casper\src\Debug\CL.write.1.tlog
Z:\research\altsplice\routines\casper\src\Debug\cstat.obj
Z:\RESEARCH\ALTSPLICE\ROUTINES\CASPER\SRC\DEBUG\DISCRETEDF.OBJ
Z:\RESEARCH\ALTSPLICE\ROUTINES\CASPER\SRC\DEBUG\EXON.OBJ
Z:\RESEARCH\ALTSPLICE\ROUTINES\CASPER\SRC\DEBUG\FRAGMENT.OBJ
Z:\research\altsplice\routines\casper\src\Debug\link.2144.read.1.tlog
Z:\research\altsplice\routines\casper\src\Debug\link.2144.write.1.tlog
Z:\research\altsplice\routines\casper\src\Debug\link.2144-cvtres.read.1.tlog
Z:\research\altsplice\routines\casper\src\Debug\link.2144-cvtres.write.1.tlog
Z:\research\altsplice\routines\casper\src\Debug\link.2340.read.1.tlog
Z:\research\altsplice\routines\casper\src\Debug\link.2340.write.1.tlog
Z:\research\altsplice\routines\casper\src\Debug\link.2340-cvtres.read.1.tlog
Z:\research\altsplice\routines\casper\src\Debug\link.2340-cvtres.write.1.tlog
Z:\research\altsplice\routines\casper\src\Debug\link.3080.read.1.tlog
Z:\research\altsplice\routines\casper\src\Debug\link.3080.write.1.tlog
Z:\research\altsplice\routines\casper\src\Debug\link.3080-cvtres.read.1.tlog
Z:\research\altsplice\routines\casper\src\Debug\link.3080-cvtres.write.1.tlog
Z:\research\altsplice\routines\casper\src\Debug\link.3616.read.1.tlog
Z:\research\altsplice\routines\casper\src\Debug\link.3616.write.1.tlog
Z:\research\altsplice\routines\casper\src\Debug\link.3616-cvtres.read.1.tlog
Z:\research\altsplice\routines\casper\src\Debug\link.3616-cvtres.write.1.tlog
Z:\research\altsplice\routines\casper\src\Debug\link.3812.read.1.tlog
Z:\research\altsplice\routines\casper\src\Debug\link.3812.write.1.tlog
Z:\research\altsplice\routines\casper\src\Debug\link.3812-cvtres.read.1.tlog
Z:\research\altsplice\routines\casper\src\Debug\link.3812-cvtres.write.1.tlog
Z:\research\altsplice\routines\casper\src\Debug\link.3960.read.1.tlog
Z:\research\altsplice\routines\casper\src\Debug\link.3960.write.1.tlog
Z:\research\altsplice\routines\casper\src\Debug\link.3960-cvtres.read.1.tlog
Z:\research\altsplice\routines\casper\src\Debug\link.3960-cvtres.write.1.tlog
Z:\research\altsplice\routines\casper\src\Debug\link.4996.read.1.tlog
Z:\research\altsplice\routines\casper\src\Debug\link.4996.write.1.tlog
Z:\research\altsplice\routines\casper\src\Debug\link.4996-cvtres.read.1.tlog
Z:\research\altsplice\routines\casper\src\Debug\link.4996-cvtres.write.1.tlog
Z:\research\altsplice\routines\casper\src\Debug\link.5012.read.1.tlog
Z:\research\altsplice\routines\casper\src\Debug\link.5012.write.1.tlog
Z:\research\altsplice\routines\casper\src\Debug\link.5012-cvtres.read.1.tlog
Z:\research\altsplice\routines\casper\src\Debug\link.5012-cvtres.write.1.tlog
Z:\research\altsplice\routines\casper\src\Debug\link.5116.read.1.tlog
Z:\research\altsplice\routines\casper\src\Debug\link.5116.write.1.tlog
Z:\research\altsplice\routines\casper\src\Debug\link.5116-cvtres.read.1.tlog
Z:\research\altsplice\routines\casper\src\Debug\link.5116-cvtres.write.1.tlog
Z:\research\altsplice\routines\casper\src\Debug\link.5312.read.1.tlog
Z:\research\altsplice\routines\casper\src\Debug\link.5312.write.1.tlog
Z:\research\altsplice\routines\casper\src\Debug\link.5312-cvtres.read.1.tlog
Z:\research\altsplice\routines\casper\src\Debug\link.5312-cvtres.write.1.tlog
Z:\research\altsplice\routines\casper\src\Debug\link.5444.read.1.tlog
Z:\research\altsplice\routines\casper\src\Debug\link.5444.write.1.tlog
Z:\research\altsplice\routines\casper\src\Debug\link.5444-cvtres.read.1.tlog
Z:\research\altsplice\routines\casper\src\Debug\link.5444-cvtres.write.1.tlog
Z:\research\altsplice\routines\casper\src\Debug\link.912.read.1.tlog
Z:\research\altsplice\routines\casper\src\Debug\link.912.write.1.tlog
Z:\research\altsplice\routines\casper\src\Debug\link.912-cvtres.read.1.tlog
Z:\research\altsplice\routines\casper\src\Debug\link.912-cvtres.write.1.tlog
Z:\research\altsplice\routines\casper\src\Debug\link.988.read.1.tlog
Z:\research\altsplice\routines\casper\src\Debug\link.988.write.1.tlog
Z:\research\altsplice\routines\casper\src\Debug\link.988-cvtres.read.1.tlog
Z:\research\altsplice\routines\casper\src\Debug\link.988-cvtres.write.1.tlog
Z:\research\altsplice\routines\casper\src\Debug\link.command.1.tlog
Z:\research\altsplice\routines\casper\src\Debug\link.read.1.tlog
Z:\research\altsplice\routines\casper\src\Debug\link.write.1.tlog
Z:\research\altsplice\routines\casper\src\Debug\link-cvtres.read.1.tlog
Z:\research\altsplice\routines\casper\src\Debug\link-cvtres.write.1.tlog
Z:\RESEARCH\ALTSPLICE\ROUTINES\CASPER\SRC\DEBUG\MAIN.OBJ
Z:\research\altsplice\routines\casper\src\Debug\mt.command.1.tlog
Z:\research\altsplice\routines\casper\src\Debug\mt.read.1.tlog
Z:\research\altsplice\routines\casper\src\Debug\mt.write.1.tlog
Z:\RESEARCH\ALTSPLICE\ROUTINES\CASPER\SRC\DEBUG\QASPER2C.EXE
Z:\research\altsplice\routines\casper\src\Debug\qasper2c.exe.embed.manifest
Z:\RESEARCH\ALTSPLICE\ROUTINES\CASPER\SRC\DEBUG\QASPER2C.EXE.EMBED.MANIFEST.RES
Z:\RESEARCH\ALTSPLICE\ROUTINES\CASPER\SRC\DEBUG\QASPER2C.EXE.INTERMEDIATE.MANIFEST
Z:\RESEARCH\ALTSPLICE\ROUTINES\CASPER\SRC\DEBUG\QASPER2C.ILK
Z:\research\altsplice\routines\casper\src\Debug\qasper2c.obj
Z:\RESEARCH\ALTSPLICE\ROUTINES\CASPER\SRC\DEBUG\QASPER2C.PCH
Z:\RESEARCH\ALTSPLICE\ROUTINES\CASPER\SRC\DEBUG\QASPER2C.PDB
Z:\research\altsplice\routines\casper\src\Debug\qasper2c_manifest.rc
Z:\research\altsplice\routines\casper\src\Debug\rc.command.1.tlog
Z:\research\altsplice\routines\casper\src\Debug\rc.read.1.tlog
Z:\research\altsplice\routines\casper\src\Debug\rc.write.1.tlog
Z:\RESEARCH\ALTSPLICE\ROUTINES\CASPER\SRC\DEBUG\STDAFX.OBJ
Z:\RESEARCH\ALTSPLICE\ROUTINES\CASPER\SRC\DEBUG\VARIANT.OBJ
Z:\research\altsplice\routines\casper\src\Debug\vc100.idb
Z:\RESEARCH\ALTSPLICE\ROUTINES\CASPER\SRC\DEBUG\VC100.PDB
