* installing *source* package ‘casper’ ...
** libs
make: Nothing to be done for `all'.
installing to /software/R_libs/casper/libs
** R
** data
** inst
** preparing package for lazy loading

Welcome to Bioconductor

  Vignettes contain introductory material. To view, type
  'browseVignettes()'. To cite Bioconductor, see
  'citation("Biobase")' and for packages 'citation("pkgname")'.

Warning: package 'IRanges' was built under R version 2.14.0
Warning in .recacheSubclasses(def@className, def, doSubclasses, env) :
  undefined subclass "refMethodDefWithTrace" of class "expressionORfunction"; definition not updated
Warning in .recacheSubclasses(def@className, def, doSubclasses, env) :
  undefined subclass "refMethodDefWithTrace" of class "functionORNULL"; definition not updated

Attaching package: 'IRanges'

The following object(s) are masked from 'package:Biobase':

    updateObject

The following object(s) are masked from 'package:base':

    Map, cbind, eval, intersect, mapply, order, paste, pmax, pmax.int,
    pmin, pmin.int, rbind, rep.int, setdiff, table, union

Loading required package: GenomicRanges
Warning: package 'GenomicRanges' was built under R version 2.14.0
Warning: multiple methods tables found for ‘getSeq’
** help
*** installing help indices
** building package indices ...
** testing if installed package can be loaded
Warning messages:
1: package 'IRanges' was built under R version 2.14.0 
2: In .recacheSubclasses(def@className, def, doSubclasses, env) :
  undefined subclass "refMethodDefWithTrace" of class "expressionORfunction"; definition not updated
3: In .recacheSubclasses(def@className, def, doSubclasses, env) :
  undefined subclass "refMethodDefWithTrace" of class "functionORNULL"; definition not updated
4: package 'GenomicRanges' was built under R version 2.14.0 
5: multiple methods tables found for ‘getSeq’ 

* DONE (casper)
