Hmm ... looks like a package

This is pdfeTeXk, Version 3.141592-1.21a-2.2 (Web2C 7.5.4)
 file:line:error style messages enabled.
entering extended mode
(/tmp/RtmpZI3dvo/Rd2pdf4b5e015a/Rd2.tex
LaTeX2e <2003/12/01>
Babel <v3.8d> and hyphenation patterns for american, french, german, ngerman, b
ahasa, basque, bulgarian, catalan, croatian, czech, danish, dutch, esperanto, e
stonian, finnish, greek, icelandic, irish, italian, latin, magyar, norsk, polis
h, portuges, romanian, russian, serbian, slovak, slovene, spanish, swedish, tur
kish, ukrainian, nohyphenation, loaded.

(/usr/share/texmf/tex/latex/base/book.cls
Document Class: book 2004/02/16 v1.4f Standard LaTeX document class
(/usr/share/texmf/tex/latex/base/bk10.clo))
(/usr/share/R/texmf/tex/latex/Rd.sty
(/usr/share/texmf/tex/latex/base/ifthen.sty)
(/usr/share/texmf/tex/latex/tools/longtable.sty)
(/usr/share/texmf/tex/latex/tools/bm.sty)
(/usr/share/texmf/tex/latex/base/alltt.sty)
(/usr/share/texmf/tex/latex/tools/verbatim.sty)
(/usr/share/texmf/tex/latex/url/url.sty)
(/usr/share/R/texmf/tex/latex/upquote.sty
(/usr/share/texmf/tex/latex/base/textcomp.sty
(/usr/share/texmf/tex/latex/base/ts1enc.def))) NOT loading ae
(/usr/share/texmf/tex/latex/base/fontenc.sty
(/usr/share/texmf/tex/latex/base/t1enc.def))
(/usr/share/texmf/tex/latex/psnfss/times.sty) NOT loading lmodern
(/usr/share/texmf/tex/latex/graphics/color.sty
(/usr/share/texmf/tex/latex/graphics/color.cfg)
(/usr/share/texmf/tex/latex/graphics/pdftex.def))
(/usr/share/texmf/tex/latex/hyperref/hyperref.sty
(/usr/share/texmf/tex/latex/graphics/keyval.sty)
(/usr/share/texmf/tex/latex/hyperref/pd1enc.def)
(/usr/share/texmf/tex/latex/hyperref/hyperref.cfg)
Implicit mode ON; LaTeX internals redefined
)
*hyperref using default driver hpdftex*
(/usr/share/texmf/tex/latex/hyperref/hpdftex.def
(/usr/share/texmf/tex/latex/psnfss/pifont.sty
(/usr/share/texmf/tex/latex/psnfss/upzd.fd)
(/usr/share/texmf/tex/latex/psnfss/upsy.fd)))

Package hyperref Warning: Option `hyperindex' has already been used,
(hyperref)                setting the option has no effect on input line 332.


Package hyperref Warning: Option `pagebackref' has already been used,
(hyperref)                setting the option has no effect on input line 332.

) (/usr/share/texmf/tex/latex/base/makeidx.sty)
(/usr/share/texmf/tex/latex/base/inputenc.sty
(/usr/share/texmf/tex/latex/base/utf8.def
(/usr/share/texmf/tex/latex/base/t1enc.dfu)
(/usr/share/texmf/tex/latex/base/ot1enc.dfu)
(/usr/share/texmf/tex/latex/base/omsenc.dfu)
(/usr/share/texmf/tex/latex/base/ts1enc.dfu))
(/usr/share/texmf/tex/latex/base/latin1.def))
Writing index file Rd2.idx
No file Rd2.aux.
(/usr/share/texmf/tex/latex/base/ts1cmr.fd)
(/usr/share/texmf/tex/latex/psnfss/t1ptm.fd)
(/usr/share/texmf/tex/context/base/supp-pdf.tex
(/usr/share/texmf/tex/context/base/supp-mis.tex
loading : Context Support Macros / Miscellaneous (2004.10.26)
)
loading : Context Support Macros / PDF (2004.03.26)
) (/usr/share/texmf/tex/latex/hyperref/nameref.sty)
(/usr/share/texmf/tex/latex/psnfss/t1pcr.fd)
(/usr/share/texmf/tex/latex/psnfss/t1phv.fd)
(/usr/share/texmf/tex/latex/base/utf8.def) [1{/usr/share/texmf-var/fonts/map/pd
ftex/updmap/pdftex.map}] (/usr/share/texmf/tex/latex/base/utf8.def)
(/usr/share/texmf/tex/latex/base/utf8.def) [2]
(/usr/share/texmf/tex/latex/base/utf8.def) [3]
(/usr/share/texmf/tex/latex/base/utf8.def)
Overfull \hbox (4.79759pt too wide) in paragraph at lines 298--300
[]\T1/ptm/m/n/10 Chromosome to be pro-cessed, empty string ("") will pro-cess t
he com-plete genome 

Overfull \hbox (1.21716pt too wide) in paragraph at lines 320--324
[]\T1/ptm/m/n/10 A Ranged-Data ob-ject with reads from frag-ments with both end
s cor-rectly aligned
[4] (/usr/share/texmf/tex/latex/base/utf8.def)
No file Rd2.ind.
[5] (./Rd2.aux) )
(see the transcript file for additional information){/usr/share/texmf/fonts/enc
/dvips/psnfss/8r.enc}</usr/share/texmf/fonts/type1/urw/times/utmr8a.pfb></usr/s
hare/texmf/fonts/type1/urw/times/utmri8a.pfb></usr/share/texmf/fonts/type1/urw/
helvetic/uhvr8a.pfb></usr/share/texmf/fonts/type1/urw/courier/ucrr8a.pfb></usr/
share/texmf/fonts/type1/urw/times/utmr8a.pfb></usr/share/texmf/fonts/type1/urw/
times/utmb8a.pfb>
Output written on Rd2.pdf (5 pages, 88327 bytes).
Transcript written on Rd2.log.
This is makeindex, version 2.14 [02-Oct-2002] (kpathsea + Thai support).
Scanning input file ./Rd2.idx....done (15 entries accepted, 0 rejected).
Sorting entries....done (59 comparisons).
Generating output file ./Rd2.ind....done (33 lines written, 0 warnings).
Output written in ./Rd2.ind.
Transcript written in ./Rd2.ilg.
This is pdfeTeXk, Version 3.141592-1.21a-2.2 (Web2C 7.5.4)
 file:line:error style messages enabled.
entering extended mode
(/tmp/RtmpZI3dvo/Rd2pdf4b5e015a/Rd2.tex
LaTeX2e <2003/12/01>
Babel <v3.8d> and hyphenation patterns for american, french, german, ngerman, b
ahasa, basque, bulgarian, catalan, croatian, czech, danish, dutch, esperanto, e
stonian, finnish, greek, icelandic, irish, italian, latin, magyar, norsk, polis
h, portuges, romanian, russian, serbian, slovak, slovene, spanish, swedish, tur
kish, ukrainian, nohyphenation, loaded.

(/usr/share/texmf/tex/latex/base/book.cls
Document Class: book 2004/02/16 v1.4f Standard LaTeX document class
(/usr/share/texmf/tex/latex/base/bk10.clo))
(/usr/share/R/texmf/tex/latex/Rd.sty
(/usr/share/texmf/tex/latex/base/ifthen.sty)
(/usr/share/texmf/tex/latex/tools/longtable.sty)
(/usr/share/texmf/tex/latex/tools/bm.sty)
(/usr/share/texmf/tex/latex/base/alltt.sty)
(/usr/share/texmf/tex/latex/tools/verbatim.sty)
(/usr/share/texmf/tex/latex/url/url.sty)
(/usr/share/R/texmf/tex/latex/upquote.sty
(/usr/share/texmf/tex/latex/base/textcomp.sty
(/usr/share/texmf/tex/latex/base/ts1enc.def))) NOT loading ae
(/usr/share/texmf/tex/latex/base/fontenc.sty
(/usr/share/texmf/tex/latex/base/t1enc.def))
(/usr/share/texmf/tex/latex/psnfss/times.sty) NOT loading lmodern
(/usr/share/texmf/tex/latex/graphics/color.sty
(/usr/share/texmf/tex/latex/graphics/color.cfg)
(/usr/share/texmf/tex/latex/graphics/pdftex.def))
(/usr/share/texmf/tex/latex/hyperref/hyperref.sty
(/usr/share/texmf/tex/latex/graphics/keyval.sty)
(/usr/share/texmf/tex/latex/hyperref/pd1enc.def)
(/usr/share/texmf/tex/latex/hyperref/hyperref.cfg)
Implicit mode ON; LaTeX internals redefined
)
*hyperref using default driver hpdftex*
(/usr/share/texmf/tex/latex/hyperref/hpdftex.def
(/usr/share/texmf/tex/latex/psnfss/pifont.sty
(/usr/share/texmf/tex/latex/psnfss/upzd.fd)
(/usr/share/texmf/tex/latex/psnfss/upsy.fd)))

Package hyperref Warning: Option `hyperindex' has already been used,
(hyperref)                setting the option has no effect on input line 332.


Package hyperref Warning: Option `pagebackref' has already been used,
(hyperref)                setting the option has no effect on input line 332.

) (/usr/share/texmf/tex/latex/base/makeidx.sty)
(/usr/share/texmf/tex/latex/base/inputenc.sty
(/usr/share/texmf/tex/latex/base/utf8.def
(/usr/share/texmf/tex/latex/base/t1enc.dfu)
(/usr/share/texmf/tex/latex/base/ot1enc.dfu)
(/usr/share/texmf/tex/latex/base/omsenc.dfu)
(/usr/share/texmf/tex/latex/base/ts1enc.dfu))
(/usr/share/texmf/tex/latex/base/latin1.def))
Writing index file Rd2.idx
(./Rd2.aux) (/usr/share/texmf/tex/latex/base/ts1cmr.fd)
(/usr/share/texmf/tex/latex/psnfss/t1ptm.fd)
(/usr/share/texmf/tex/context/base/supp-pdf.tex
(/usr/share/texmf/tex/context/base/supp-mis.tex
loading : Context Support Macros / Miscellaneous (2004.10.26)
)
loading : Context Support Macros / PDF (2004.03.26)
) (/usr/share/texmf/tex/latex/hyperref/nameref.sty) (./Rd2.out) (./Rd2.out)
(/usr/share/texmf/tex/latex/psnfss/t1pcr.fd)
(/usr/share/texmf/tex/latex/psnfss/t1phv.fd) (./Rd2.toc)
(/usr/share/texmf/tex/latex/base/utf8.def) [1{/usr/share/texmf-var/fonts/map/pd
ftex/updmap/pdftex.map}] (/usr/share/texmf/tex/latex/base/utf8.def) [2]
(/usr/share/texmf/tex/latex/base/utf8.def)
(/usr/share/texmf/tex/latex/base/utf8.def) [3]
(/usr/share/texmf/tex/latex/base/utf8.def)
Overfull \hbox (4.79759pt too wide) in paragraph at lines 298--300
[]\T1/ptm/m/n/10 Chromosome to be pro-cessed, empty string ("") will pro-cess t
he com-plete genome 
[4]
Overfull \hbox (1.21716pt too wide) in paragraph at lines 320--324
[]\T1/ptm/m/n/10 A Ranged-Data ob-ject with reads from frag-ments with both end
s cor-rectly aligned
(/usr/share/texmf/tex/latex/base/utf8.def) [5] (./Rd2.ind [6] [7]) (./Rd2.aux) 
)
(see the transcript file for additional information)</usr/share/texmf/fonts/typ
e1/bluesky/cm/cmsy10.pfb>{/usr/share/texmf/fonts/enc/dvips/psnfss/8r.enc}</usr/
share/texmf/fonts/type1/urw/times/utmri8a.pfb></usr/share/texmf/fonts/type1/urw
/times/utmr8a.pfb></usr/share/texmf/fonts/type1/urw/helvetic/uhvr8a.pfb></usr/s
hare/texmf/fonts/type1/urw/courier/ucrr8a.pfb></usr/share/texmf/fonts/type1/urw
/times/utmr8a.pfb></usr/share/texmf/fonts/type1/urw/times/utmb8a.pfb>
Output written on Rd2.pdf (7 pages, 99639 bytes).
Transcript written on Rd2.log.
This is makeindex, version 2.14 [02-Oct-2002] (kpathsea + Thai support).
Scanning input file ./Rd2.idx....done (15 entries accepted, 0 rejected).
Sorting entries....done (59 comparisons).
Generating output file ./Rd2.ind....done (33 lines written, 0 warnings).
Output written in ./Rd2.ind.
Transcript written in ./Rd2.ilg.
This is pdfeTeXk, Version 3.141592-1.21a-2.2 (Web2C 7.5.4)
 file:line:error style messages enabled.
entering extended mode
(/tmp/RtmpZI3dvo/Rd2pdf4b5e015a/Rd2.tex
LaTeX2e <2003/12/01>
Babel <v3.8d> and hyphenation patterns for american, french, german, ngerman, b
ahasa, basque, bulgarian, catalan, croatian, czech, danish, dutch, esperanto, e
stonian, finnish, greek, icelandic, irish, italian, latin, magyar, norsk, polis
h, portuges, romanian, russian, serbian, slovak, slovene, spanish, swedish, tur
kish, ukrainian, nohyphenation, loaded.

(/usr/share/texmf/tex/latex/base/book.cls
Document Class: book 2004/02/16 v1.4f Standard LaTeX document class
(/usr/share/texmf/tex/latex/base/bk10.clo))
(/usr/share/R/texmf/tex/latex/Rd.sty
(/usr/share/texmf/tex/latex/base/ifthen.sty)
(/usr/share/texmf/tex/latex/tools/longtable.sty)
(/usr/share/texmf/tex/latex/tools/bm.sty)
(/usr/share/texmf/tex/latex/base/alltt.sty)
(/usr/share/texmf/tex/latex/tools/verbatim.sty)
(/usr/share/texmf/tex/latex/url/url.sty)
(/usr/share/R/texmf/tex/latex/upquote.sty
(/usr/share/texmf/tex/latex/base/textcomp.sty
(/usr/share/texmf/tex/latex/base/ts1enc.def))) NOT loading ae
(/usr/share/texmf/tex/latex/base/fontenc.sty
(/usr/share/texmf/tex/latex/base/t1enc.def))
(/usr/share/texmf/tex/latex/psnfss/times.sty) NOT loading lmodern
(/usr/share/texmf/tex/latex/graphics/color.sty
(/usr/share/texmf/tex/latex/graphics/color.cfg)
(/usr/share/texmf/tex/latex/graphics/pdftex.def))
(/usr/share/texmf/tex/latex/hyperref/hyperref.sty
(/usr/share/texmf/tex/latex/graphics/keyval.sty)
(/usr/share/texmf/tex/latex/hyperref/pd1enc.def)
(/usr/share/texmf/tex/latex/hyperref/hyperref.cfg)
Implicit mode ON; LaTeX internals redefined
)
*hyperref using default driver hpdftex*
(/usr/share/texmf/tex/latex/hyperref/hpdftex.def
(/usr/share/texmf/tex/latex/psnfss/pifont.sty
(/usr/share/texmf/tex/latex/psnfss/upzd.fd)
(/usr/share/texmf/tex/latex/psnfss/upsy.fd)))

Package hyperref Warning: Option `hyperindex' has already been used,
(hyperref)                setting the option has no effect on input line 332.


Package hyperref Warning: Option `pagebackref' has already been used,
(hyperref)                setting the option has no effect on input line 332.

) (/usr/share/texmf/tex/latex/base/makeidx.sty)
(/usr/share/texmf/tex/latex/base/inputenc.sty
(/usr/share/texmf/tex/latex/base/utf8.def
(/usr/share/texmf/tex/latex/base/t1enc.dfu)
(/usr/share/texmf/tex/latex/base/ot1enc.dfu)
(/usr/share/texmf/tex/latex/base/omsenc.dfu)
(/usr/share/texmf/tex/latex/base/ts1enc.dfu))
(/usr/share/texmf/tex/latex/base/latin1.def))
Writing index file Rd2.idx
(./Rd2.aux) (/usr/share/texmf/tex/latex/base/ts1cmr.fd)
(/usr/share/texmf/tex/latex/psnfss/t1ptm.fd)
(/usr/share/texmf/tex/context/base/supp-pdf.tex
(/usr/share/texmf/tex/context/base/supp-mis.tex
loading : Context Support Macros / Miscellaneous (2004.10.26)
)
loading : Context Support Macros / PDF (2004.03.26)
) (/usr/share/texmf/tex/latex/hyperref/nameref.sty) (./Rd2.out) (./Rd2.out)
(/usr/share/texmf/tex/latex/psnfss/t1pcr.fd)
(/usr/share/texmf/tex/latex/psnfss/t1phv.fd) (./Rd2.toc)
(/usr/share/texmf/tex/latex/base/utf8.def) [1{/usr/share/texmf-var/fonts/map/pd
ftex/updmap/pdftex.map}] (/usr/share/texmf/tex/latex/base/utf8.def) [2]
(/usr/share/texmf/tex/latex/base/utf8.def)
(/usr/share/texmf/tex/latex/base/utf8.def) [3]
(/usr/share/texmf/tex/latex/base/utf8.def)
Overfull \hbox (4.79759pt too wide) in paragraph at lines 298--300
[]\T1/ptm/m/n/10 Chromosome to be pro-cessed, empty string ("") will pro-cess t
he com-plete genome 
[4]
Overfull \hbox (1.21716pt too wide) in paragraph at lines 320--324
[]\T1/ptm/m/n/10 A Ranged-Data ob-ject with reads from frag-ments with both end
s cor-rectly aligned
(/usr/share/texmf/tex/latex/base/utf8.def) [5] (./Rd2.ind [6] [7]) (./Rd2.aux) 
)
(see the transcript file for additional information)</usr/share/texmf/fonts/typ
e1/bluesky/cm/cmsy10.pfb>{/usr/share/texmf/fonts/enc/dvips/psnfss/8r.enc}</usr/
share/texmf/fonts/type1/urw/times/utmri8a.pfb></usr/share/texmf/fonts/type1/urw
/times/utmr8a.pfb></usr/share/texmf/fonts/type1/urw/helvetic/uhvr8a.pfb></usr/s
hare/texmf/fonts/type1/urw/courier/ucrr8a.pfb></usr/share/texmf/fonts/type1/urw
/times/utmr8a.pfb></usr/share/texmf/fonts/type1/urw/times/utmb8a.pfb>
Output written on Rd2.pdf (7 pages, 100173 bytes).
Transcript written on Rd2.log.
Saving output to 'casper-manual.pdf' ...
Done
You may want to clean up by 'rm -rf /tmp/RtmpZI3dvo/Rd2pdf4b5e015a'
